ARM GAS  /var/folders/l3/4y5292px21b4835bsnjwqc7w009kq1/T//ccgracO5.s 			page 1


   1              		.cpu cortex-m4
   2              		.eabi_attribute 27, 1
   3              		.eabi_attribute 20, 1
   4              		.eabi_attribute 21, 1
   5              		.eabi_attribute 23, 3
   6              		.eabi_attribute 24, 1
   7              		.eabi_attribute 25, 1
   8              		.eabi_attribute 26, 1
   9              		.eabi_attribute 30, 1
  10              		.eabi_attribute 34, 1
  11              		.eabi_attribute 18, 4
  12              		.file	"stm32f1xx_hal_gpio_ex.c"
  13              		.text
  14              	.Ltext0:
  15              		.cfi_sections	.debug_frame
  16              		.section	.text.HAL_GPIOEx_ConfigEventout,"ax",%progbits
  17              		.align	1
  18              		.global	HAL_GPIOEx_ConfigEventout
  19              		.syntax unified
  20              		.thumb
  21              		.thumb_func
  22              		.fpu fpv4-sp-d16
  24              	HAL_GPIOEx_ConfigEventout:
  25              	.LFB126:
  26              		.file 1 "Drivers/Modified_HAL_Driver/Src/stm32f1xx_hal_gpio_ex.c"
   1:Drivers/Modified_HAL_Driver/Src/stm32f1xx_hal_gpio_ex.c **** /**
   2:Drivers/Modified_HAL_Driver/Src/stm32f1xx_hal_gpio_ex.c ****   ******************************************************************************
   3:Drivers/Modified_HAL_Driver/Src/stm32f1xx_hal_gpio_ex.c ****   * @file    stm32f1xx_hal_gpio_ex.c
   4:Drivers/Modified_HAL_Driver/Src/stm32f1xx_hal_gpio_ex.c ****   * @author  MCD Application Team
   5:Drivers/Modified_HAL_Driver/Src/stm32f1xx_hal_gpio_ex.c ****   * @version V1.1.1
   6:Drivers/Modified_HAL_Driver/Src/stm32f1xx_hal_gpio_ex.c ****   * @date    12-May-2017
   7:Drivers/Modified_HAL_Driver/Src/stm32f1xx_hal_gpio_ex.c ****   * @brief   GPIO Extension HAL module driver.
   8:Drivers/Modified_HAL_Driver/Src/stm32f1xx_hal_gpio_ex.c ****   *         This file provides firmware functions to manage the following 
   9:Drivers/Modified_HAL_Driver/Src/stm32f1xx_hal_gpio_ex.c ****   *          functionalities of the General Purpose Input/Output (GPIO) extension peripheral.
  10:Drivers/Modified_HAL_Driver/Src/stm32f1xx_hal_gpio_ex.c ****   *           + Extended features functions
  11:Drivers/Modified_HAL_Driver/Src/stm32f1xx_hal_gpio_ex.c ****   *         
  12:Drivers/Modified_HAL_Driver/Src/stm32f1xx_hal_gpio_ex.c ****   @verbatim
  13:Drivers/Modified_HAL_Driver/Src/stm32f1xx_hal_gpio_ex.c ****   ==============================================================================
  14:Drivers/Modified_HAL_Driver/Src/stm32f1xx_hal_gpio_ex.c ****                     ##### GPIO Peripheral extension features #####
  15:Drivers/Modified_HAL_Driver/Src/stm32f1xx_hal_gpio_ex.c ****   ==============================================================================         
  16:Drivers/Modified_HAL_Driver/Src/stm32f1xx_hal_gpio_ex.c ****   [..] GPIO module on STM32F1 family, manage also the AFIO register:
  17:Drivers/Modified_HAL_Driver/Src/stm32f1xx_hal_gpio_ex.c ****        (+) Possibility to use the EVENTOUT Cortex feature
  18:Drivers/Modified_HAL_Driver/Src/stm32f1xx_hal_gpio_ex.c ****    
  19:Drivers/Modified_HAL_Driver/Src/stm32f1xx_hal_gpio_ex.c ****                      ##### How to use this driver #####
  20:Drivers/Modified_HAL_Driver/Src/stm32f1xx_hal_gpio_ex.c ****   ==============================================================================
  21:Drivers/Modified_HAL_Driver/Src/stm32f1xx_hal_gpio_ex.c ****   [..] This driver provides functions to use EVENTOUT Cortex feature
  22:Drivers/Modified_HAL_Driver/Src/stm32f1xx_hal_gpio_ex.c ****     (#) Configure EVENTOUT Cortex feature using the function HAL_GPIOEx_ConfigEventout()
  23:Drivers/Modified_HAL_Driver/Src/stm32f1xx_hal_gpio_ex.c ****     (#) Activate EVENTOUT Cortex feature using the HAL_GPIOEx_EnableEventout()
  24:Drivers/Modified_HAL_Driver/Src/stm32f1xx_hal_gpio_ex.c ****     (#) Deactivate EVENTOUT Cortex feature using the HAL_GPIOEx_DisableEventout()
  25:Drivers/Modified_HAL_Driver/Src/stm32f1xx_hal_gpio_ex.c ****  
  26:Drivers/Modified_HAL_Driver/Src/stm32f1xx_hal_gpio_ex.c ****   @endverbatim
  27:Drivers/Modified_HAL_Driver/Src/stm32f1xx_hal_gpio_ex.c ****   ******************************************************************************
  28:Drivers/Modified_HAL_Driver/Src/stm32f1xx_hal_gpio_ex.c ****   * @attention
  29:Drivers/Modified_HAL_Driver/Src/stm32f1xx_hal_gpio_ex.c ****   *
  30:Drivers/Modified_HAL_Driver/Src/stm32f1xx_hal_gpio_ex.c ****   * <h2><center>&copy; COPYRIGHT(c) 2016 STMicroelectronics</center></h2>
  31:Drivers/Modified_HAL_Driver/Src/stm32f1xx_hal_gpio_ex.c ****   *
  32:Drivers/Modified_HAL_Driver/Src/stm32f1xx_hal_gpio_ex.c ****   * Redistribution and use in source and binary forms, with or without modification,
ARM GAS  /var/folders/l3/4y5292px21b4835bsnjwqc7w009kq1/T//ccgracO5.s 			page 2


  33:Drivers/Modified_HAL_Driver/Src/stm32f1xx_hal_gpio_ex.c ****   * are permitted provided that the following conditions are met:
  34:Drivers/Modified_HAL_Driver/Src/stm32f1xx_hal_gpio_ex.c ****   *   1. Redistributions of source code must retain the above copyright notice,
  35:Drivers/Modified_HAL_Driver/Src/stm32f1xx_hal_gpio_ex.c ****   *      this list of conditions and the following disclaimer.
  36:Drivers/Modified_HAL_Driver/Src/stm32f1xx_hal_gpio_ex.c ****   *   2. Redistributions in binary form must reproduce the above copyright notice,
  37:Drivers/Modified_HAL_Driver/Src/stm32f1xx_hal_gpio_ex.c ****   *      this list of conditions and the following disclaimer in the documentation
  38:Drivers/Modified_HAL_Driver/Src/stm32f1xx_hal_gpio_ex.c ****   *      and/or other materials provided with the distribution.
  39:Drivers/Modified_HAL_Driver/Src/stm32f1xx_hal_gpio_ex.c ****   *   3. Neither the name of STMicroelectronics nor the names of its contributors
  40:Drivers/Modified_HAL_Driver/Src/stm32f1xx_hal_gpio_ex.c ****   *      may be used to endorse or promote products derived from this software
  41:Drivers/Modified_HAL_Driver/Src/stm32f1xx_hal_gpio_ex.c ****   *      without specific prior written permission.
  42:Drivers/Modified_HAL_Driver/Src/stm32f1xx_hal_gpio_ex.c ****   *
  43:Drivers/Modified_HAL_Driver/Src/stm32f1xx_hal_gpio_ex.c ****   * THIS SOFTWARE IS PROVIDED BY THE COPYRIGHT HOLDERS AND CONTRIBUTORS "AS IS"
  44:Drivers/Modified_HAL_Driver/Src/stm32f1xx_hal_gpio_ex.c ****   * AND ANY EXPRESS OR IMPLIED WARRANTIES, INCLUDING, BUT NOT LIMITED TO, THE
  45:Drivers/Modified_HAL_Driver/Src/stm32f1xx_hal_gpio_ex.c ****   * IMPLIED WARRANTIES OF MERCHANTABILITY AND FITNESS FOR A PARTICULAR PURPOSE ARE
  46:Drivers/Modified_HAL_Driver/Src/stm32f1xx_hal_gpio_ex.c ****   * DISCLAIMED. IN NO EVENT SHALL THE COPYRIGHT HOLDER OR CONTRIBUTORS BE LIABLE
  47:Drivers/Modified_HAL_Driver/Src/stm32f1xx_hal_gpio_ex.c ****   * FOR ANY DIRECT, INDIRECT, INCIDENTAL, SPECIAL, EXEMPLARY, OR CONSEQUENTIAL
  48:Drivers/Modified_HAL_Driver/Src/stm32f1xx_hal_gpio_ex.c ****   * DAMAGES (INCLUDING, BUT NOT LIMITED TO, PROCUREMENT OF SUBSTITUTE GOODS OR
  49:Drivers/Modified_HAL_Driver/Src/stm32f1xx_hal_gpio_ex.c ****   * SERVICES; LOSS OF USE, DATA, OR PROFITS; OR BUSINESS INTERRUPTION) HOWEVER
  50:Drivers/Modified_HAL_Driver/Src/stm32f1xx_hal_gpio_ex.c ****   * CAUSED AND ON ANY THEORY OF LIABILITY, WHETHER IN CONTRACT, STRICT LIABILITY,
  51:Drivers/Modified_HAL_Driver/Src/stm32f1xx_hal_gpio_ex.c ****   * OR TORT (INCLUDING NEGLIGENCE OR OTHERWISE) ARISING IN ANY WAY OUT OF THE USE
  52:Drivers/Modified_HAL_Driver/Src/stm32f1xx_hal_gpio_ex.c ****   * OF THIS SOFTWARE, EVEN IF ADVISED OF THE POSSIBILITY OF SUCH DAMAGE.
  53:Drivers/Modified_HAL_Driver/Src/stm32f1xx_hal_gpio_ex.c ****   *
  54:Drivers/Modified_HAL_Driver/Src/stm32f1xx_hal_gpio_ex.c ****   ******************************************************************************  
  55:Drivers/Modified_HAL_Driver/Src/stm32f1xx_hal_gpio_ex.c ****   */ 
  56:Drivers/Modified_HAL_Driver/Src/stm32f1xx_hal_gpio_ex.c **** 
  57:Drivers/Modified_HAL_Driver/Src/stm32f1xx_hal_gpio_ex.c **** /* Includes ------------------------------------------------------------------*/
  58:Drivers/Modified_HAL_Driver/Src/stm32f1xx_hal_gpio_ex.c **** #include "stm32f1xx_hal.h"
  59:Drivers/Modified_HAL_Driver/Src/stm32f1xx_hal_gpio_ex.c **** 
  60:Drivers/Modified_HAL_Driver/Src/stm32f1xx_hal_gpio_ex.c **** /** @addtogroup STM32F1xx_HAL_Driver
  61:Drivers/Modified_HAL_Driver/Src/stm32f1xx_hal_gpio_ex.c ****   * @{
  62:Drivers/Modified_HAL_Driver/Src/stm32f1xx_hal_gpio_ex.c ****   */
  63:Drivers/Modified_HAL_Driver/Src/stm32f1xx_hal_gpio_ex.c **** 
  64:Drivers/Modified_HAL_Driver/Src/stm32f1xx_hal_gpio_ex.c **** /** @defgroup GPIOEx GPIOEx
  65:Drivers/Modified_HAL_Driver/Src/stm32f1xx_hal_gpio_ex.c ****   * @brief GPIO HAL module driver
  66:Drivers/Modified_HAL_Driver/Src/stm32f1xx_hal_gpio_ex.c ****   * @{
  67:Drivers/Modified_HAL_Driver/Src/stm32f1xx_hal_gpio_ex.c ****   */
  68:Drivers/Modified_HAL_Driver/Src/stm32f1xx_hal_gpio_ex.c **** 
  69:Drivers/Modified_HAL_Driver/Src/stm32f1xx_hal_gpio_ex.c **** #ifdef HAL_GPIO_MODULE_ENABLED
  70:Drivers/Modified_HAL_Driver/Src/stm32f1xx_hal_gpio_ex.c **** 
  71:Drivers/Modified_HAL_Driver/Src/stm32f1xx_hal_gpio_ex.c **** /** @defgroup GPIOEx_Exported_Functions GPIOEx Exported Functions
  72:Drivers/Modified_HAL_Driver/Src/stm32f1xx_hal_gpio_ex.c ****   * @{
  73:Drivers/Modified_HAL_Driver/Src/stm32f1xx_hal_gpio_ex.c ****   */
  74:Drivers/Modified_HAL_Driver/Src/stm32f1xx_hal_gpio_ex.c **** 
  75:Drivers/Modified_HAL_Driver/Src/stm32f1xx_hal_gpio_ex.c **** /** @defgroup GPIOEx_Exported_Functions_Group1 Extended features functions
  76:Drivers/Modified_HAL_Driver/Src/stm32f1xx_hal_gpio_ex.c ****  *  @brief    Extended features functions 
  77:Drivers/Modified_HAL_Driver/Src/stm32f1xx_hal_gpio_ex.c ****  *
  78:Drivers/Modified_HAL_Driver/Src/stm32f1xx_hal_gpio_ex.c **** @verbatim   
  79:Drivers/Modified_HAL_Driver/Src/stm32f1xx_hal_gpio_ex.c ****   ==============================================================================
  80:Drivers/Modified_HAL_Driver/Src/stm32f1xx_hal_gpio_ex.c ****                  ##### Extended features functions #####
  81:Drivers/Modified_HAL_Driver/Src/stm32f1xx_hal_gpio_ex.c ****   ==============================================================================  
  82:Drivers/Modified_HAL_Driver/Src/stm32f1xx_hal_gpio_ex.c ****     [..]  This section provides functions allowing to:
  83:Drivers/Modified_HAL_Driver/Src/stm32f1xx_hal_gpio_ex.c ****     (+) Configure EVENTOUT Cortex feature using the function HAL_GPIOEx_ConfigEventout()
  84:Drivers/Modified_HAL_Driver/Src/stm32f1xx_hal_gpio_ex.c ****     (+) Activate EVENTOUT Cortex feature using the HAL_GPIOEx_EnableEventout()
  85:Drivers/Modified_HAL_Driver/Src/stm32f1xx_hal_gpio_ex.c ****     (+) Deactivate EVENTOUT Cortex feature using the HAL_GPIOEx_DisableEventout()
  86:Drivers/Modified_HAL_Driver/Src/stm32f1xx_hal_gpio_ex.c ****                      
  87:Drivers/Modified_HAL_Driver/Src/stm32f1xx_hal_gpio_ex.c **** @endverbatim
  88:Drivers/Modified_HAL_Driver/Src/stm32f1xx_hal_gpio_ex.c ****   * @{
  89:Drivers/Modified_HAL_Driver/Src/stm32f1xx_hal_gpio_ex.c ****   */
ARM GAS  /var/folders/l3/4y5292px21b4835bsnjwqc7w009kq1/T//ccgracO5.s 			page 3


  90:Drivers/Modified_HAL_Driver/Src/stm32f1xx_hal_gpio_ex.c ****   
  91:Drivers/Modified_HAL_Driver/Src/stm32f1xx_hal_gpio_ex.c **** /**
  92:Drivers/Modified_HAL_Driver/Src/stm32f1xx_hal_gpio_ex.c ****   * @brief  Configures the port and pin on which the EVENTOUT Cortex signal will be connected.
  93:Drivers/Modified_HAL_Driver/Src/stm32f1xx_hal_gpio_ex.c ****   * @param  GPIO_PortSource Select the port used to output the Cortex EVENTOUT signal.
  94:Drivers/Modified_HAL_Driver/Src/stm32f1xx_hal_gpio_ex.c ****   *   This parameter can be a value of @ref GPIOEx_EVENTOUT_PORT.
  95:Drivers/Modified_HAL_Driver/Src/stm32f1xx_hal_gpio_ex.c ****   * @param  GPIO_PinSource Select the pin used to output the Cortex EVENTOUT signal.
  96:Drivers/Modified_HAL_Driver/Src/stm32f1xx_hal_gpio_ex.c ****   *   This parameter can be a value of @ref GPIOEx_EVENTOUT_PIN.
  97:Drivers/Modified_HAL_Driver/Src/stm32f1xx_hal_gpio_ex.c ****   * @retval None
  98:Drivers/Modified_HAL_Driver/Src/stm32f1xx_hal_gpio_ex.c ****   */  
  99:Drivers/Modified_HAL_Driver/Src/stm32f1xx_hal_gpio_ex.c **** void HAL_GPIOEx_ConfigEventout(uint32_t GPIO_PortSource, uint32_t GPIO_PinSource)
 100:Drivers/Modified_HAL_Driver/Src/stm32f1xx_hal_gpio_ex.c **** {
  27              		.loc 1 100 0
  28              		.cfi_startproc
  29              		@ args = 0, pretend = 0, frame = 0
  30              		@ frame_needed = 0, uses_anonymous_args = 0
  31              		@ link register save eliminated.
  32              	.LVL0:
 101:Drivers/Modified_HAL_Driver/Src/stm32f1xx_hal_gpio_ex.c ****   /* Verify the parameters */
 102:Drivers/Modified_HAL_Driver/Src/stm32f1xx_hal_gpio_ex.c ****   assert_param(IS_AFIO_EVENTOUT_PORT(GPIO_PortSource));
 103:Drivers/Modified_HAL_Driver/Src/stm32f1xx_hal_gpio_ex.c ****   assert_param(IS_AFIO_EVENTOUT_PIN(GPIO_PinSource));
 104:Drivers/Modified_HAL_Driver/Src/stm32f1xx_hal_gpio_ex.c ****   
 105:Drivers/Modified_HAL_Driver/Src/stm32f1xx_hal_gpio_ex.c ****   /* Apply the new configuration */
 106:Drivers/Modified_HAL_Driver/Src/stm32f1xx_hal_gpio_ex.c ****   MODIFY_REG(AFIO->EVCR, (AFIO_EVCR_PORT)|(AFIO_EVCR_PIN), (GPIO_PortSource)|(GPIO_PinSource));
  33              		.loc 1 106 0
  34 0000 034A     		ldr	r2, .L2
  35 0002 1368     		ldr	r3, [r2]
  36 0004 23F07F03 		bic	r3, r3, #127
  37 0008 0143     		orrs	r1, r1, r0
  38              	.LVL1:
  39 000a 0B43     		orrs	r3, r3, r1
  40 000c 1360     		str	r3, [r2]
 107:Drivers/Modified_HAL_Driver/Src/stm32f1xx_hal_gpio_ex.c **** }
  41              		.loc 1 107 0
  42 000e 7047     		bx	lr
  43              	.L3:
  44              		.align	2
  45              	.L2:
  46 0010 00000140 		.word	1073807360
  47              		.cfi_endproc
  48              	.LFE126:
  50              		.section	.text.HAL_GPIOEx_EnableEventout,"ax",%progbits
  51              		.align	1
  52              		.global	HAL_GPIOEx_EnableEventout
  53              		.syntax unified
  54              		.thumb
  55              		.thumb_func
  56              		.fpu fpv4-sp-d16
  58              	HAL_GPIOEx_EnableEventout:
  59              	.LFB127:
 108:Drivers/Modified_HAL_Driver/Src/stm32f1xx_hal_gpio_ex.c **** 
 109:Drivers/Modified_HAL_Driver/Src/stm32f1xx_hal_gpio_ex.c **** /**
 110:Drivers/Modified_HAL_Driver/Src/stm32f1xx_hal_gpio_ex.c ****   * @brief  Enables the Event Output.
 111:Drivers/Modified_HAL_Driver/Src/stm32f1xx_hal_gpio_ex.c ****   * @retval None
 112:Drivers/Modified_HAL_Driver/Src/stm32f1xx_hal_gpio_ex.c ****   */
 113:Drivers/Modified_HAL_Driver/Src/stm32f1xx_hal_gpio_ex.c **** void HAL_GPIOEx_EnableEventout(void)
 114:Drivers/Modified_HAL_Driver/Src/stm32f1xx_hal_gpio_ex.c **** {
  60              		.loc 1 114 0
ARM GAS  /var/folders/l3/4y5292px21b4835bsnjwqc7w009kq1/T//ccgracO5.s 			page 4


  61              		.cfi_startproc
  62              		@ args = 0, pretend = 0, frame = 0
  63              		@ frame_needed = 0, uses_anonymous_args = 0
  64              		@ link register save eliminated.
 115:Drivers/Modified_HAL_Driver/Src/stm32f1xx_hal_gpio_ex.c ****   SET_BIT(AFIO->EVCR, AFIO_EVCR_EVOE);
  65              		.loc 1 115 0
  66 0000 024A     		ldr	r2, .L5
  67 0002 1368     		ldr	r3, [r2]
  68 0004 43F08003 		orr	r3, r3, #128
  69 0008 1360     		str	r3, [r2]
 116:Drivers/Modified_HAL_Driver/Src/stm32f1xx_hal_gpio_ex.c **** }
  70              		.loc 1 116 0
  71 000a 7047     		bx	lr
  72              	.L6:
  73              		.align	2
  74              	.L5:
  75 000c 00000140 		.word	1073807360
  76              		.cfi_endproc
  77              	.LFE127:
  79              		.section	.text.HAL_GPIOEx_DisableEventout,"ax",%progbits
  80              		.align	1
  81              		.global	HAL_GPIOEx_DisableEventout
  82              		.syntax unified
  83              		.thumb
  84              		.thumb_func
  85              		.fpu fpv4-sp-d16
  87              	HAL_GPIOEx_DisableEventout:
  88              	.LFB128:
 117:Drivers/Modified_HAL_Driver/Src/stm32f1xx_hal_gpio_ex.c **** 
 118:Drivers/Modified_HAL_Driver/Src/stm32f1xx_hal_gpio_ex.c **** /**
 119:Drivers/Modified_HAL_Driver/Src/stm32f1xx_hal_gpio_ex.c ****   * @brief  Disables the Event Output.
 120:Drivers/Modified_HAL_Driver/Src/stm32f1xx_hal_gpio_ex.c ****   * @retval None
 121:Drivers/Modified_HAL_Driver/Src/stm32f1xx_hal_gpio_ex.c ****   */
 122:Drivers/Modified_HAL_Driver/Src/stm32f1xx_hal_gpio_ex.c **** void HAL_GPIOEx_DisableEventout(void)
 123:Drivers/Modified_HAL_Driver/Src/stm32f1xx_hal_gpio_ex.c **** {
  89              		.loc 1 123 0
  90              		.cfi_startproc
  91              		@ args = 0, pretend = 0, frame = 0
  92              		@ frame_needed = 0, uses_anonymous_args = 0
  93              		@ link register save eliminated.
 124:Drivers/Modified_HAL_Driver/Src/stm32f1xx_hal_gpio_ex.c ****   CLEAR_BIT(AFIO->EVCR, AFIO_EVCR_EVOE);
  94              		.loc 1 124 0
  95 0000 024A     		ldr	r2, .L8
  96 0002 1368     		ldr	r3, [r2]
  97 0004 23F08003 		bic	r3, r3, #128
  98 0008 1360     		str	r3, [r2]
 125:Drivers/Modified_HAL_Driver/Src/stm32f1xx_hal_gpio_ex.c **** }
  99              		.loc 1 125 0
 100 000a 7047     		bx	lr
 101              	.L9:
 102              		.align	2
 103              	.L8:
 104 000c 00000140 		.word	1073807360
 105              		.cfi_endproc
 106              	.LFE128:
 108              		.text
 109              	.Letext0:
ARM GAS  /var/folders/l3/4y5292px21b4835bsnjwqc7w009kq1/T//ccgracO5.s 			page 5


 110              		.file 2 "/usr/local/Cellar/gcc-arm-none-eabi/20180627/arm-none-eabi/include/machine/_default_types
 111              		.file 3 "/usr/local/Cellar/gcc-arm-none-eabi/20180627/arm-none-eabi/include/sys/_stdint.h"
 112              		.file 4 "Drivers/CMSIS/CM4/CoreSupport/core_cm4.h"
 113              		.file 5 "Inc/system_at32f4xx.h"
 114              		.file 6 "Drivers/CMSIS/CM4/DeviceSupport/at32f4xx.h"
 115              		.file 7 "/usr/local/Cellar/gcc-arm-none-eabi/20180627/arm-none-eabi/include/sys/lock.h"
 116              		.file 8 "/usr/local/Cellar/gcc-arm-none-eabi/20180627/arm-none-eabi/include/sys/_types.h"
 117              		.file 9 "/usr/local/Cellar/gcc-arm-none-eabi/20180627/lib/gcc/arm-none-eabi/7.3.1/include/stddef.h
 118              		.file 10 "/usr/local/Cellar/gcc-arm-none-eabi/20180627/arm-none-eabi/include/sys/reent.h"
ARM GAS  /var/folders/l3/4y5292px21b4835bsnjwqc7w009kq1/T//ccgracO5.s 			page 6


DEFINED SYMBOLS
                            *ABS*:0000000000000000 stm32f1xx_hal_gpio_ex.c
/var/folders/l3/4y5292px21b4835bsnjwqc7w009kq1/T//ccgracO5.s:17     .text.HAL_GPIOEx_ConfigEventout:0000000000000000 $t
/var/folders/l3/4y5292px21b4835bsnjwqc7w009kq1/T//ccgracO5.s:24     .text.HAL_GPIOEx_ConfigEventout:0000000000000000 HAL_GPIOEx_ConfigEventout
/var/folders/l3/4y5292px21b4835bsnjwqc7w009kq1/T//ccgracO5.s:46     .text.HAL_GPIOEx_ConfigEventout:0000000000000010 $d
/var/folders/l3/4y5292px21b4835bsnjwqc7w009kq1/T//ccgracO5.s:51     .text.HAL_GPIOEx_EnableEventout:0000000000000000 $t
/var/folders/l3/4y5292px21b4835bsnjwqc7w009kq1/T//ccgracO5.s:58     .text.HAL_GPIOEx_EnableEventout:0000000000000000 HAL_GPIOEx_EnableEventout
/var/folders/l3/4y5292px21b4835bsnjwqc7w009kq1/T//ccgracO5.s:75     .text.HAL_GPIOEx_EnableEventout:000000000000000c $d
/var/folders/l3/4y5292px21b4835bsnjwqc7w009kq1/T//ccgracO5.s:80     .text.HAL_GPIOEx_DisableEventout:0000000000000000 $t
/var/folders/l3/4y5292px21b4835bsnjwqc7w009kq1/T//ccgracO5.s:87     .text.HAL_GPIOEx_DisableEventout:0000000000000000 HAL_GPIOEx_DisableEventout
/var/folders/l3/4y5292px21b4835bsnjwqc7w009kq1/T//ccgracO5.s:104    .text.HAL_GPIOEx_DisableEventout:000000000000000c $d

NO UNDEFINED SYMBOLS
